Arguments: 
  /home/sulivan/.nvm/versions/node/v20.10.0/bin/node /mnt/c/Users/juzix/AppData/Roaming/npm/node_modules/yarn/bin/yarn.js

PATH: 
  /home/sulivan/.vscode-server/bin/abd2f3db4bdb28f9e95536dfa84d8479f1eb312d/bin/remote-cli:/home/sulivan/.nvm/versions/node/v20.10.0/bin:/usr/local/sbin:/usr/local/bin:/usr/sbin:/usr/bin:/sbin:/bin:/usr/games:/usr/local/games:/usr/lib/wsl/lib:/mnt/c/Program Files/Common Files/Oracle/Java/javapath:/mnt/c/WINDOWS/system32:/mnt/c/WINDOWS:/mnt/c/WINDOWS/System32/Wbem:/mnt/c/WINDOWS/System32/WindowsPowerShell/v1.0/:/mnt/c/WINDOWS/System32/OpenSSH/:/mnt/c/Program Files/Git/cmd:/mnt/c/Program Files/TortoiseGit/bin:/mnt/c/Users/juzix/AppData/Roaming/nvm:/mnt/c/Program Files/nodejs:/mnt/c/Program Files (x86)/OpenVPN/bin:/mnt/c/Program Files/Java/jdk-20/bin:/mnt/c/Program Files/Geth:/mnt/c/Users/juzix/AppData/Local/pnpm:/mnt/c/Users/juzix/AppData/Local/Microsoft/WindowsApps:/mnt/c/Microsoft VS Code/bin:/mnt/c/Users/juzix/AppData/Roaming/npm:/mnt/c/Users/juzix/AppData/Roaming/nvm:/mnt/c/Program Files/nodejs:/mnt/c/Program Files/JetBrains/IntelliJ IDEA 2023.2/bin:/mnt/c/Maven/apache-maven-3.9.4/bin:/snap/bin

Yarn version: 
  1.3.2

Node version: 
  20.10.0

Platform: 
  linux x64

npm manifest: 
  {
    "name": "hardhat-project",
    "devDependencies": {
      "@nomicfoundation/hardhat-toolbox": "^4.0.0",
      "hardhat": "^2.19.4"
    },
    "dependencies": {
      "wagmi": "^2.2.1",
      "web3": "^4.3.0"
    }
  }

yarn manifest: 
  No manifest

Lockfile: 
  No lockfile

Trace: 
  AggregateError
      at internalConnectMultiple (node:net:1114:18)
      at internalConnectMultiple (node:net:1177:5)
      at Timeout.internalConnectMultipleTimeout (node:net:1687:3)
      at listOnTimeout (node:internal/timers:575:11)
      at process.processTimers (node:internal/timers:514:7)
